<?xml version="1.0" encoding="UTF-8"?>
<!-- Generated by org.testng.reporters.JUnitReportReporter -->
<testsuite hostname="CBT-014" name="qsp.DemoA" tests="1" failures="0" timestamp="13 Aug 2016 09:43:27 GMT" time="21.168" errors="0">
  <testcase name="testA" time="21.168" classname="qsp.DemoA"/>
</testsuite> <!-- qsp.DemoA -->
