<?xml version="1.0" encoding="UTF-8"?>
<!-- Generated by org.testng.reporters.JUnitReportReporter -->
<testsuite hostname="CBT-014" name="qsp.DemoA" tests="2" failures="0" timestamp="13 Aug 2016 13:03:15 GMT" time="28.113" errors="0">
  <testcase name="testB" time="13.042" classname="qsp.DemoA"/>
  <testcase name="testA" time="15.071" classname="qsp.DemoA"/>
</testsuite> <!-- qsp.DemoA -->
