<?xml version="1.0" encoding="UTF-8"?>
<!-- Generated by org.testng.reporters.JUnitReportReporter -->
<testsuite hostname="CBT-014" name="qsp.DemoA" tests="2" failures="0" timestamp="7 Aug 2016 10:39:00 GMT" time="29.381" errors="0">
  <testcase name="testA" time="14.920" classname="qsp.DemoA"/>
  <testcase name="testA" time="14.461" classname="qsp.DemoA"/>
</testsuite> <!-- qsp.DemoA -->
